version: 1

#!RESULT OK
#!CONNECTION ldap://localhost:389
#!DATE 2023-06-05T12:51:44.795
dn: cn=testers,dc=cimon,dc=com
objectClass: groupOfNames
objectClass: top
cn: testers
member: dc=cimon,dc=com

#!RESULT OK
#!CONNECTION ldap://localhost:389
#!DATE 2023-06-05T12:51:44.885
dn: cn=test1+givenName=Test user 1+sn=test1@cimon.com,cn=testers,dc=cimon,dc
 =com
objectClass: inetOrgPerson
objectClass: organizationalPerson
objectClass: person
objectClass: top
cn: test1
sn: test1@cimon.com
givenName: Test user 1

#!RESULT OK
#!CONNECTION ldap://localhost:389
#!DATE 2023-06-05T12:51:44.944
dn: cn=test2+givenName=Test user 2+sn=test2@cimon.com,cn=testers,dc=cimon,dc
 =com
objectClass: inetOrgPerson
objectClass: organizationalPerson
objectClass: person
objectClass: top
cn: test2
sn: test2@cimon.com
givenName: Test user 2

